Using pre-set license
Built from '2021.3/staging' branch; Version is '2021.3.32f1 (3b9dae9532f5) revision 3906990'; Using compiler version '192829333'; Build Type 'Release'
OS: 'Windows 11  (10.0.26100) 64bit Core' Language: 'ko' Physical Memory: 15556 MB
BatchMode: 1, IsHumanControllingUs: 0, StartBugReporterOnCrash: 0, Is64bit: 1, IsPro: 1

COMMAND LINE ARGUMENTS:
C:\Users\7671hoon\Desktop\unity\2021.3.32f1\Editor\Unity.exe
-adb2
-batchMode
-noUpm
-name
AssetImportWorker0
-projectPath
C:/Users/7671hoon/Desktop/Dron-Game-Clean
-logFile
Logs/AssetImportWorker0.log
-srvPort
64167
Successfully changed project path to: C:/Users/7671hoon/Desktop/Dron-Game-Clean
C:/Users/7671hoon/Desktop/Dron-Game-Clean
[UnityMemory] Configuration Parameters - Can be set up in boot.config
    "memorysetup-bucket-allocator-granularity=16"
    "memorysetup-bucket-allocator-bucket-count=8"
    "memorysetup-bucket-allocator-block-size=33554432"
    "memorysetup-bucket-allocator-block-count=8"
    "memorysetup-main-allocator-block-size=16777216"
    "memorysetup-thread-allocator-block-size=16777216"
    "memorysetup-gfx-main-allocator-block-size=16777216"
    "memorysetup-gfx-thread-allocator-block-size=16777216"
    "memorysetup-cache-allocator-block-size=4194304"
    "memorysetup-typetree-allocator-block-size=2097152"
    "memorysetup-profiler-bucket-allocator-granularity=16"
    "memorysetup-profiler-bucket-allocator-bucket-count=8"
    "memorysetup-profiler-bucket-allocator-block-size=33554432"
    "memorysetup-profiler-bucket-allocator-block-count=8"
    "memorysetup-profiler-allocator-block-size=16777216"
    "memorysetup-profiler-editor-allocator-block-size=1048576"
    "memorysetup-temp-allocator-size-main=16777216"
    "memorysetup-job-temp-allocator-block-size=2097152"
    "memorysetup-job-temp-allocator-block-size-background=1048576"
    "memorysetup-job-temp-allocator-reduction-small-platforms=262144"
    "memorysetup-temp-allocator-size-background-worker=32768"
    "memorysetup-temp-allocator-size-job-worker=262144"
    "memorysetup-temp-allocator-size-preload-manager=33554432"
    "memorysetup-temp-allocator-size-nav-mesh-worker=65536"
    "memorysetup-temp-allocator-size-audio-worker=65536"
    "memorysetup-temp-allocator-size-cloud-worker=32768"
    "memorysetup-temp-allocator-size-gi-baking-worker=262144"
    "memorysetup-temp-allocator-size-gfx=262144"
Player connection [10304] Host "[IP] 192.168.120.1 [Port] 0 [Flags] 2 [Guid] 2407947595 [EditorId] 2407947595 [Version] 1048832 [Id] WindowsEditor(7,DESKTOP-JVEK95A) [Debug] 1 [PackageName] WindowsEditor [ProjectName] Editor" joined multi-casting on [225.0.0.222:54997]...

Player connection [10304] Host "[IP] 192.168.120.1 [Port] 0 [Flags] 2 [Guid] 2407947595 [EditorId] 2407947595 [Version] 1048832 [Id] WindowsEditor(7,DESKTOP-JVEK95A) [Debug] 1 [PackageName] WindowsEditor [ProjectName] Editor" joined alternative multi-casting on [225.0.0.222:34997]...

[Physics::Module] Initialized MultithreadedJobDispatcher with {0} workers.
Refreshing native plugins compatible for Editor in 77.92 ms, found 3 plugins.
Preloading 0 native plugins for Editor in 0.00 ms.
Initialize engine version: 2021.3.32f1 (3b9dae9532f5)
[Subsystems] Discovering subsystems at path C:/Users/7671hoon/Desktop/unity/2021.3.32f1/Editor/Data/Resources/UnitySubsystems
[Subsystems] Discovering subsystems at path C:/Users/7671hoon/Desktop/Dron-Game-Clean/Assets
GfxDevice: creating device client; threaded=0; jobified=0
Direct3D:
    Version:  Direct3D 11.0 [level 11.1]
    Renderer: NVIDIA GeForce RTX 3060 Laptop GPU (ID=0x2560)
    Vendor:   NVIDIA
    VRAM:     6010 MB
    Driver:   31.0.15.4692
Initialize mono
Mono path[0] = 'C:/Users/7671hoon/Desktop/unity/2021.3.32f1/Editor/Data/Managed'
Mono path[1] = 'C:/Users/7671hoon/Desktop/unity/2021.3.32f1/Editor/Data/MonoBleedingEdge/lib/mono/unityjit-win32'
Mono config path = 'C:/Users/7671hoon/Desktop/unity/2021.3.32f1/Editor/Data/MonoBleedingEdge/etc'
Using monoOptions --debugger-agent=transport=dt_socket,embedding=1,server=y,suspend=n,address=127.0.0.1:56480
Begin MonoManager ReloadAssembly
Registering precompiled unity dll's ...
Register platform support module: C:/Users/7671hoon/Desktop/unity/2021.3.32f1/Editor/Data/PlaybackEngines/WindowsStandaloneSupport/UnityEditor.WindowsStandalone.Extensions.dll
Registered in 0.004065 seconds.
Native extension for WindowsStandalone target not found
Refreshing native plugins compatible for Editor in 61.10 ms, found 3 plugins.
Preloading 0 native plugins for Editor in 0.00 ms.
Mono: successfully reloaded assembly
- Completed reload, in  0.558 seconds
Domain Reload Profiling:
	ReloadAssembly (559ms)
		BeginReloadAssembly (98ms)
			ExecutionOrderSort (0ms)
			DisableScriptedObjects (0ms)
			BackupInstance (0ms)
			ReleaseScriptingObjects (0ms)
			CreateAndSetChildDomain (1ms)
		EndReloadAssembly (376ms)
			LoadAssemblies (96ms)
			RebuildTransferFunctionScriptingTraits (0ms)
			SetupTypeCache (90ms)
			ReleaseScriptCaches (0ms)
			RebuildScriptCaches (26ms)
			SetupLoadedEditorAssemblies (226ms)
				LogAssemblyErrors (0ms)
				InitializePlatformSupportModulesInManaged (6ms)
				SetLoadedEditorAssemblies (0ms)
				RefreshPlugins (61ms)
				BeforeProcessingInitializeOnLoad (1ms)
				ProcessInitializeOnLoadAttributes (101ms)
				ProcessInitializeOnLoadMethodAttributes (57ms)
				AfterProcessingInitializeOnLoad (0ms)
				EditorAssembliesLoaded (0ms)
			ExecutionOrderSort2 (0ms)
			AwakeInstancesAfterBackupRestoration (0ms)
Platform modules already initialized, skipping
Registering precompiled user dll's ...
Registered in 0.005627 seconds.
Begin MonoManager ReloadAssembly
Native extension for WindowsStandalone target not found
Refreshing native plugins compatible for Editor in 63.35 ms, found 3 plugins.
Preloading 0 native plugins for Editor in 0.00 ms.
Package Manager log level set to [2]
[Package Manager] Server::EnsureServerProcessIsRunning -- launch failed, reason: Unity was launched with the -noUpm command-line argument
[Package Manager] Cannot connect to Unity Package Manager local server
Mono: successfully reloaded assembly
- Completed reload, in  1.440 seconds
Domain Reload Profiling:
	ReloadAssembly (1440ms)
		BeginReloadAssembly (109ms)
			ExecutionOrderSort (0ms)
			DisableScriptedObjects (5ms)
			BackupInstance (0ms)
			ReleaseScriptingObjects (0ms)
			CreateAndSetChildDomain (20ms)
		EndReloadAssembly (1243ms)
			LoadAssemblies (214ms)
			RebuildTransferFunctionScriptingTraits (0ms)
			SetupTypeCache (221ms)
			ReleaseScriptCaches (1ms)
			RebuildScriptCaches (44ms)
			SetupLoadedEditorAssemblies (749ms)
				LogAssemblyErrors (0ms)
				InitializePlatformSupportModulesInManaged (4ms)
				SetLoadedEditorAssemblies (0ms)
				RefreshPlugins (63ms)
				BeforeProcessingInitializeOnLoad (67ms)
				ProcessInitializeOnLoadAttributes (591ms)
				ProcessInitializeOnLoadMethodAttributes (18ms)
				AfterProcessingInitializeOnLoad (6ms)
				EditorAssembliesLoaded (0ms)
			ExecutionOrderSort2 (0ms)
			AwakeInstancesAfterBackupRestoration (7ms)
Platform modules already initialized, skipping
========================================================================
Worker process is ready to serve import requests
Launched and connected shader compiler UnityShaderCompiler.exe after 0.04 seconds
Refreshing native plugins compatible for Editor in 0.67 ms, found 3 plugins.
Preloading 0 native plugins for Editor in 0.00 ms.
Unloading 3504 Unused Serialized files (Serialized files now loaded: 0)
Unloading 26 unused Assets / (46.6 KB). Loaded Objects now: 3965.
Memory consumption went from 126.1 MB to 126.0 MB.
Total: 2.981600 ms (FindLiveObjects: 0.273700 ms CreateObjectMapping: 0.117500 ms MarkObjects: 2.506100 ms  DeleteObjects: 0.083400 ms)

AssetImportParameters requested are different than current active one (requested -> active):
  custom:video-decoder-ogg-theora: a1e56fd34408186e4bbccfd4996cb3dc -> 
  custom:container-muxer-webm: aa71ff27fc2769a1b78a27578f13a17b -> 
  custom:container-demuxer-webm: 4f35f7cbe854078d1ac9338744f61a02 -> 
  custom:video-encoder-webm-vp8: eb34c28f22e8b96e1ab97ce403110664 -> 
  custom:video-codec-MediaFoundation-h265: 746d11721c4dcdbdad8f713fa42b33f4 -> 
  custom:audio-encoder-webm-vorbis: bf7c407c2cedff20999df2af8eb42d56 -> 
  custom:framework-win-MediaFoundation: 216162199b28c13a410421893ffa2e32 -> 
  custom:container-demuxer-ogg: 62fdf1f143b41e24485cea50d1cbac27 -> 
  custom:video-decoder-webm-vp8: 9c59270c3fd7afecdb556c50c9e8de78 -> 
  custom:audio-decoder-ogg-vorbis: bf7c407c2cedff20999df2af8eb42d56 -> 
========================================================================
Received Import Request.
  Time since last request: 687721.906792 seconds.
  path: Assets/drone black and white Variant (1).prefab
  artifactKey: Guid(b2ac97c52d0a3b84bb265594e3b10d74) Importer(815301076,1909f56bfc062723c751e8b465ee728b)
Number of updated assets reloaded before import = 0
Start importing Assets/drone black and white Variant (1).prefab using Guid(b2ac97c52d0a3b84bb265594e3b10d74) Importer(815301076,1909f56bfc062723c751e8b465ee728b)  -> (artifact id: '29c94c249cb56d0004013e803b50910d') in 0.350314 seconds 
Number of asset objects unloaded after import = 71
========================================================================
Received Import Request.
  Time since last request: 4.466719 seconds.
  path: Assets/CS - Signs Free/Channelizing.prefab
  artifactKey: Guid(da219e0ae7bb6664db1abd6520da0006) Importer(815301076,1909f56bfc062723c751e8b465ee728b)
Number of updated assets reloaded before import = 0
Start importing Assets/CS - Signs Free/Channelizing.prefab using Guid(da219e0ae7bb6664db1abd6520da0006) Importer(815301076,1909f56bfc062723c751e8b465ee728b)  -> (artifact id: 'fc5aa12cb08aafbcf5fead6c37edd535') in 0.014489 seconds 
Number of asset objects unloaded after import = 14
========================================================================
Received Import Request.
  Time since last request: 4.374845 seconds.
  path: Assets/image/DroneImg 1.png
  artifactKey: Guid(f2c068dd94abb6e408668ae4a76307a5) Importer(815301076,1909f56bfc062723c751e8b465ee728b)
Number of updated assets reloaded before import = 0
Start importing Assets/image/DroneImg 1.png using Guid(f2c068dd94abb6e408668ae4a76307a5) Importer(815301076,1909f56bfc062723c751e8b465ee728b)  -> (artifact id: '436a46be03d628bde2509f050652e7d3') in 0.152369 seconds 
Number of asset objects unloaded after import = 3
========================================================================
Received Import Request.
  Time since last request: 1.713810 seconds.
  path: Assets/mapresources/Rock_02.prefab
  artifactKey: Guid(b03d9b3e06beb704098dd45ee76f63e7) Importer(815301076,1909f56bfc062723c751e8b465ee728b)
Number of updated assets reloaded before import = 0
Start importing Assets/mapresources/Rock_02.prefab using Guid(b03d9b3e06beb704098dd45ee76f63e7) Importer(815301076,1909f56bfc062723c751e8b465ee728b)  -> (artifact id: 'e64a94bea7b71b364a3ab06879566e02') in 0.101992 seconds 
Number of asset objects unloaded after import = 23
========================================================================
Received Import Request.
  Time since last request: 1.073797 seconds.
  path: Assets/SFX Arcade Free/8 Bit Ship Death 9.wav
  artifactKey: Guid(4faa1d51fecb6424daa997c903eef7b9) Importer(815301076,1909f56bfc062723c751e8b465ee728b)
Number of updated assets reloaded before import = 0
Start importing Assets/SFX Arcade Free/8 Bit Ship Death 9.wav using Guid(4faa1d51fecb6424daa997c903eef7b9) Importer(815301076,1909f56bfc062723c751e8b465ee728b)  -> (artifact id: '73b86cee536782fafaab6b4541a66d4d') in 0.054107 seconds 
Number of asset objects unloaded after import = 2
========================================================================
Received Import Request.
  Time since last request: 0.000027 seconds.
  path: Assets/SFX Arcade Free/Bounce 8.wav
  artifactKey: Guid(58b491928924346fc89107caa2865b53) Importer(815301076,1909f56bfc062723c751e8b465ee728b)
Number of updated assets reloaded before import = 0
Start importing Assets/SFX Arcade Free/Bounce 8.wav using Guid(58b491928924346fc89107caa2865b53) Importer(815301076,1909f56bfc062723c751e8b465ee728b)  -> (artifact id: '483d552df993c02421363ad111cbb66f') in 0.038241 seconds 
Number of asset objects unloaded after import = 2
========================================================================
Received Import Request.
  Time since last request: 0.000025 seconds.
  path: Assets/SFX Arcade Free/Random Server 2.wav
  artifactKey: Guid(98b45f3e9c483476ebde06e873bc91c4) Importer(815301076,1909f56bfc062723c751e8b465ee728b)
Number of updated assets reloaded before import = 0
Start importing Assets/SFX Arcade Free/Random Server 2.wav using Guid(98b45f3e9c483476ebde06e873bc91c4) Importer(815301076,1909f56bfc062723c751e8b465ee728b)  -> (artifact id: '6df5a473a138d0bb73d61b11a4ed61f2') in 0.019924 seconds 
Number of asset objects unloaded after import = 2
========================================================================
Received Import Request.
  Time since last request: 0.000016 seconds.
  path: Assets/SFX Arcade Free/Buzz 2.wav
  artifactKey: Guid(34ffd0cd6a48a4ecb9aec98747f082c9) Importer(815301076,1909f56bfc062723c751e8b465ee728b)
Number of updated assets reloaded before import = 0
Start importing Assets/SFX Arcade Free/Buzz 2.wav using Guid(34ffd0cd6a48a4ecb9aec98747f082c9) Importer(815301076,1909f56bfc062723c751e8b465ee728b)  -> (artifact id: 'dc5f86e2a277acdce8f8c50d9d80a2fb') in 0.019924 seconds 
Number of asset objects unloaded after import = 2
========================================================================
Received Import Request.
  Time since last request: 0.000017 seconds.
  path: Assets/SFX Arcade Free/Melodic Alert 2.wav
  artifactKey: Guid(fdc942ce57590486b88be551882df8e1) Importer(815301076,1909f56bfc062723c751e8b465ee728b)
Number of updated assets reloaded before import = 0
Start importing Assets/SFX Arcade Free/Melodic Alert 2.wav using Guid(fdc942ce57590486b88be551882df8e1) Importer(815301076,1909f56bfc062723c751e8b465ee728b)  -> (artifact id: '21ba0819009d47f2db957e2b6f33e7cc') in 0.019566 seconds 
Number of asset objects unloaded after import = 2
========================================================================
Received Import Request.
  Time since last request: 0.000024 seconds.
  path: Assets/SFX Arcade Free/Pick Up 2.wav
  artifactKey: Guid(53b3ac3e2478e437ea06485e505fad65) Importer(815301076,1909f56bfc062723c751e8b465ee728b)
Number of updated assets reloaded before import = 0
Start importing Assets/SFX Arcade Free/Pick Up 2.wav using Guid(53b3ac3e2478e437ea06485e505fad65) Importer(815301076,1909f56bfc062723c751e8b465ee728b)  -> (artifact id: '9d3011fe9bc867cf2ba1867070e5037b') in 0.024362 seconds 
Number of asset objects unloaded after import = 2
========================================================================
Received Import Request.
  Time since last request: 0.000027 seconds.
  path: Assets/SFX Arcade Free/Electro Door 12.wav
  artifactKey: Guid(981b683338aa94e26903bddfded9f355) Importer(815301076,1909f56bfc062723c751e8b465ee728b)
Number of updated assets reloaded before import = 0
Start importing Assets/SFX Arcade Free/Electro Door 12.wav using Guid(981b683338aa94e26903bddfded9f355) Importer(815301076,1909f56bfc062723c751e8b465ee728b)  -> (artifact id: 'a821ae7d1c6c8b79272dc611b7d3e686') in 0.019791 seconds 
Number of asset objects unloaded after import = 2
========================================================================
Received Import Request.
  Time since last request: 0.000014 seconds.
  path: Assets/SFX Arcade Free/Frequency Drops.wav
  artifactKey: Guid(1374f2fd3ff7a43f1979ab0cbd795e9b) Importer(815301076,1909f56bfc062723c751e8b465ee728b)
Number of updated assets reloaded before import = 0
Start importing Assets/SFX Arcade Free/Frequency Drops.wav using Guid(1374f2fd3ff7a43f1979ab0cbd795e9b) Importer(815301076,1909f56bfc062723c751e8b465ee728b)  -> (artifact id: '01ebce08b1540b8605dda6b6fa0bc4dd') in 0.021627 seconds 
Number of asset objects unloaded after import = 2
========================================================================
Received Import Request.
  Time since last request: 0.000020 seconds.
  path: Assets/SFX Arcade Free/Spring Jump.wav
  artifactKey: Guid(441b0e737223144a0b0ac1a0ee06a0d5) Importer(815301076,1909f56bfc062723c751e8b465ee728b)
Number of updated assets reloaded before import = 0
Start importing Assets/SFX Arcade Free/Spring Jump.wav using Guid(441b0e737223144a0b0ac1a0ee06a0d5) Importer(815301076,1909f56bfc062723c751e8b465ee728b)  -> (artifact id: '05b7aa3db053324b2115d3073a1c9b6c') in 0.020670 seconds 
Number of asset objects unloaded after import = 2
========================================================================
Received Import Request.
  Time since last request: 0.000018 seconds.
  path: Assets/SFX Arcade Free/Button 10.wav
  artifactKey: Guid(358adcc7b70ae4396baa2a36443bad7b) Importer(815301076,1909f56bfc062723c751e8b465ee728b)
Number of updated assets reloaded before import = 0
Start importing Assets/SFX Arcade Free/Button 10.wav using Guid(358adcc7b70ae4396baa2a36443bad7b) Importer(815301076,1909f56bfc062723c751e8b465ee728b)  -> (artifact id: '7eb332299edfb3ac200276840ae01569') in 0.019426 seconds 
Number of asset objects unloaded after import = 2
========================================================================
Received Import Request.
  Time since last request: 0.000017 seconds.
  path: Assets/SFX Arcade Free/Long Blip 5.wav
  artifactKey: Guid(85d76f57493524d02ad63c3cb5948131) Importer(815301076,1909f56bfc062723c751e8b465ee728b)
Number of updated assets reloaded before import = 0
Start importing Assets/SFX Arcade Free/Long Blip 5.wav using Guid(85d76f57493524d02ad63c3cb5948131) Importer(815301076,1909f56bfc062723c751e8b465ee728b)  -> (artifact id: '9d1a1d7e40712d88c64aa87e03cdc819') in 0.019468 seconds 
Number of asset objects unloaded after import = 2
========================================================================
Received Import Request.
  Time since last request: 0.000019 seconds.
  path: Assets/SFX Arcade Free/Teleport 1.wav
  artifactKey: Guid(94a989b6458bc48e8b547496585e2654) Importer(815301076,1909f56bfc062723c751e8b465ee728b)
Number of updated assets reloaded before import = 0
Start importing Assets/SFX Arcade Free/Teleport 1.wav using Guid(94a989b6458bc48e8b547496585e2654) Importer(815301076,1909f56bfc062723c751e8b465ee728b)  -> (artifact id: '90b88a35844cd1ba225f962d11a22d1c') in 0.021227 seconds 
Number of asset objects unloaded after import = 2
========================================================================
Received Import Request.
  Time since last request: 0.000023 seconds.
  path: Assets/SFX Arcade Free/Gun 6.wav
  artifactKey: Guid(4b8ecfa2338e24fc985f741be6fcfa4a) Importer(815301076,1909f56bfc062723c751e8b465ee728b)
Number of updated assets reloaded before import = 0
Start importing Assets/SFX Arcade Free/Gun 6.wav using Guid(4b8ecfa2338e24fc985f741be6fcfa4a) Importer(815301076,1909f56bfc062723c751e8b465ee728b)  -> (artifact id: '3f12001f5ba9f23d6e9c990ce7c61dcd') in 0.021499 seconds 
Number of asset objects unloaded after import = 2
========================================================================
Received Import Request.
  Time since last request: 0.000028 seconds.
  path: Assets/SFX Arcade Free/Invaders 13.wav
  artifactKey: Guid(a23814b99ce614711b2e53ea222ece31) Importer(815301076,1909f56bfc062723c751e8b465ee728b)
Number of updated assets reloaded before import = 0
Start importing Assets/SFX Arcade Free/Invaders 13.wav using Guid(a23814b99ce614711b2e53ea222ece31) Importer(815301076,1909f56bfc062723c751e8b465ee728b)  -> (artifact id: '46b32817463a93c24f0621a6d39a7ebe') in 0.020630 seconds 
Number of asset objects unloaded after import = 2
========================================================================
Received Import Request.
  Time since last request: 0.000016 seconds.
  path: Assets/SFX Arcade Free/Obliterate.wav
  artifactKey: Guid(822ee6842d4f34ee8b999275db46f8d5) Importer(815301076,1909f56bfc062723c751e8b465ee728b)
Number of updated assets reloaded before import = 0
Start importing Assets/SFX Arcade Free/Obliterate.wav using Guid(822ee6842d4f34ee8b999275db46f8d5) Importer(815301076,1909f56bfc062723c751e8b465ee728b)  -> (artifact id: '7bc53808bd6dcac2148dda7c21256604') in 0.018516 seconds 
Number of asset objects unloaded after import = 2
========================================================================
Received Import Request.
  Time since last request: 0.000024 seconds.
  path: Assets/SFX Arcade Free/Mad Noise.wav
  artifactKey: Guid(a458072521a254ac285ef46317bdb62b) Importer(815301076,1909f56bfc062723c751e8b465ee728b)
Number of updated assets reloaded before import = 0
Start importing Assets/SFX Arcade Free/Mad Noise.wav using Guid(a458072521a254ac285ef46317bdb62b) Importer(815301076,1909f56bfc062723c751e8b465ee728b)  -> (artifact id: 'fbea8a3408555db08b88e3b8fba8adb0') in 0.021696 seconds 
Number of asset objects unloaded after import = 2
========================================================================
Received Import Request.
  Time since last request: 0.000019 seconds.
  path: Assets/SFX Arcade Free/Explosion 13.wav
  artifactKey: Guid(b4a13eacc0f9f49798b5be579de2c12c) Importer(815301076,1909f56bfc062723c751e8b465ee728b)
Number of updated assets reloaded before import = 0
Start importing Assets/SFX Arcade Free/Explosion 13.wav using Guid(b4a13eacc0f9f49798b5be579de2c12c) Importer(815301076,1909f56bfc062723c751e8b465ee728b)  -> (artifact id: '101bc5d96c44ea3b8d6f8d6e78b2a54a') in 0.020496 seconds 
Number of asset objects unloaded after import = 2
========================================================================
Received Import Request.
  Time since last request: 0.000019 seconds.
  path: Assets/SFX Arcade Free/Long Blip 8.wav
  artifactKey: Guid(ce344ea3d17d04eaf86f79f368674395) Importer(815301076,1909f56bfc062723c751e8b465ee728b)
Number of updated assets reloaded before import = 0
Start importing Assets/SFX Arcade Free/Long Blip 8.wav using Guid(ce344ea3d17d04eaf86f79f368674395) Importer(815301076,1909f56bfc062723c751e8b465ee728b)  -> (artifact id: '8f1d5083a7ef83f96d2f28526621fa7f') in 0.019787 seconds 
Number of asset objects unloaded after import = 2
========================================================================
Received Import Request.
  Time since last request: 0.000022 seconds.
  path: Assets/SFX Arcade Free/Explode 8.wav
  artifactKey: Guid(8beebe9c9b7874912a8bb31db14b3162) Importer(815301076,1909f56bfc062723c751e8b465ee728b)
Number of updated assets reloaded before import = 0
Start importing Assets/SFX Arcade Free/Explode 8.wav using Guid(8beebe9c9b7874912a8bb31db14b3162) Importer(815301076,1909f56bfc062723c751e8b465ee728b)  -> (artifact id: 'ea7b4c1aa22220b6527dc9c4278a93b1') in 0.021691 seconds 
Number of asset objects unloaded after import = 2
========================================================================
Received Import Request.
  Time since last request: 0.000016 seconds.
  path: Assets/SFX Arcade Free/Zap 9.wav
  artifactKey: Guid(372d37e280d9c4f8498b18d629990ba0) Importer(815301076,1909f56bfc062723c751e8b465ee728b)
Number of updated assets reloaded before import = 0
Start importing Assets/SFX Arcade Free/Zap 9.wav using Guid(372d37e280d9c4f8498b18d629990ba0) Importer(815301076,1909f56bfc062723c751e8b465ee728b)  -> (artifact id: '38d76171b905c2a2e010e45accace6e9') in 0.021171 seconds 
Number of asset objects unloaded after import = 2
========================================================================
Received Import Request.
  Time since last request: 0.000022 seconds.
  path: Assets/SFX Arcade Free/Pick Up 12.wav
  artifactKey: Guid(6c7273f79f23448b297bbff01b78150a) Importer(815301076,1909f56bfc062723c751e8b465ee728b)
Number of updated assets reloaded before import = 0
Start importing Assets/SFX Arcade Free/Pick Up 12.wav using Guid(6c7273f79f23448b297bbff01b78150a) Importer(815301076,1909f56bfc062723c751e8b465ee728b)  -> (artifact id: '8d94ac6ef9f7e714c8aebc3040596a15') in 0.021983 seconds 
Number of asset objects unloaded after import = 2
========================================================================
Received Import Request.
  Time since last request: 0.000018 seconds.
  path: Assets/SFX Arcade Free/Zaps.wav
  artifactKey: Guid(f0b110d4a1cce499cb4a4fe726642825) Importer(815301076,1909f56bfc062723c751e8b465ee728b)
Number of updated assets reloaded before import = 0
Start importing Assets/SFX Arcade Free/Zaps.wav using Guid(f0b110d4a1cce499cb4a4fe726642825) Importer(815301076,1909f56bfc062723c751e8b465ee728b)  -> (artifact id: '8b18b7350f0c8182298ee2f36af1c7b0') in 0.020300 seconds 
Number of asset objects unloaded after import = 2
========================================================================
Received Import Request.
  Time since last request: 0.000016 seconds.
  path: Assets/SFX Arcade Free/Message 1.wav
  artifactKey: Guid(24d816d085fbb4d57a37e4927ca8d90f) Importer(815301076,1909f56bfc062723c751e8b465ee728b)
Number of updated assets reloaded before import = 0
Start importing Assets/SFX Arcade Free/Message 1.wav using Guid(24d816d085fbb4d57a37e4927ca8d90f) Importer(815301076,1909f56bfc062723c751e8b465ee728b)  -> (artifact id: '1a8745387c0eb2e2081d56689569cfab') in 0.019725 seconds 
Number of asset objects unloaded after import = 2
========================================================================
Received Import Request.
  Time since last request: 0.000025 seconds.
  path: Assets/SFX Arcade Free/Laser 10.wav
  artifactKey: Guid(c25aaf5e0305b4fdcb0a67237a8106e0) Importer(815301076,1909f56bfc062723c751e8b465ee728b)
Number of updated assets reloaded before import = 0
Start importing Assets/SFX Arcade Free/Laser 10.wav using Guid(c25aaf5e0305b4fdcb0a67237a8106e0) Importer(815301076,1909f56bfc062723c751e8b465ee728b)  -> (artifact id: '557f3e1a21971b6bdcb36bef6e1fe11b') in 0.018112 seconds 
Number of asset objects unloaded after import = 2
========================================================================
Received Import Request.
  Time since last request: 0.000026 seconds.
  path: Assets/SFX Arcade Free/Retro Laser 3.wav
  artifactKey: Guid(f028f9862d3594efe884daee8f8ca999) Importer(815301076,1909f56bfc062723c751e8b465ee728b)
Number of updated assets reloaded before import = 0
Start importing Assets/SFX Arcade Free/Retro Laser 3.wav using Guid(f028f9862d3594efe884daee8f8ca999) Importer(815301076,1909f56bfc062723c751e8b465ee728b)  -> (artifact id: 'e19c9d5007ab8875fcdb244b6941465c') in 0.020242 seconds 
Number of asset objects unloaded after import = 2
========================================================================
Received Import Request.
  Time since last request: 3.998757 seconds.
  path: Assets/CS - Signs Free/Textures/Sign_Multilane_Use_8.png
  artifactKey: Guid(ba1ebd0cd97be85469b8c54fa8adf6fc) Importer(815301076,1909f56bfc062723c751e8b465ee728b)
Number of updated assets reloaded before import = 0
Start importing Assets/CS - Signs Free/Textures/Sign_Multilane_Use_8.png using Guid(ba1ebd0cd97be85469b8c54fa8adf6fc) Importer(815301076,1909f56bfc062723c751e8b465ee728b)  -> (artifact id: '7391c53f05a75e8692ccbbc81d70258b') in 0.055760 seconds 
Number of asset objects unloaded after import = 3
========================================================================
Received Import Request.
  Time since last request: 0.000018 seconds.
  path: Assets/CS - Signs Free/Materials/St_Sunset.mat
  artifactKey: Guid(a930ada68f5e17e43a223c946367fc49) Importer(815301076,1909f56bfc062723c751e8b465ee728b)
Number of updated assets reloaded before import = 0
Start importing Assets/CS - Signs Free/Materials/St_Sunset.mat using Guid(a930ada68f5e17e43a223c946367fc49) Importer(815301076,1909f56bfc062723c751e8b465ee728b)  -> (artifact id: '8cedbdf39375d355fd6f26ba9f1e5400') in 0.049360 seconds 
Number of asset objects unloaded after import = 2
========================================================================
Received Import Request.
  Time since last request: 2.444447 seconds.
  path: Assets/TextMesh Pro/Resources/Style Sheets/Default Style Sheet.asset
  artifactKey: Guid(f952c082cb03451daed3ee968ac6c63e) Importer(815301076,1909f56bfc062723c751e8b465ee728b)
Number of updated assets reloaded before import = 0
Start importing Assets/TextMesh Pro/Resources/Style Sheets/Default Style Sheet.asset using Guid(f952c082cb03451daed3ee968ac6c63e) Importer(815301076,1909f56bfc062723c751e8b465ee728b)  -> (artifact id: 'c72200549b97ff12ff44a36c3fabf96c') in 0.019326 seconds 
Number of asset objects unloaded after import = 1
========================================================================
Received Prepare
Registering precompiled user dll's ...
Registered in 0.003749 seconds.
Begin MonoManager ReloadAssembly
Native extension for WindowsStandalone target not found
Refreshing native plugins compatible for Editor in 0.75 ms, found 3 plugins.
Preloading 0 native plugins for Editor in 0.00 ms.
[Package Manager] Server::EnsureServerProcessIsRunning -- launch failed, reason: Unity was launched with the -noUpm command-line argument
[Package Manager] Cannot connect to Unity Package Manager local server
Mono: successfully reloaded assembly
- Completed reload, in  1.365 seconds
Domain Reload Profiling:
	ReloadAssembly (1366ms)
		BeginReloadAssembly (156ms)
			ExecutionOrderSort (0ms)
			DisableScriptedObjects (6ms)
			BackupInstance (0ms)
			ReleaseScriptingObjects (0ms)
			CreateAndSetChildDomain (41ms)
		EndReloadAssembly (1128ms)
			LoadAssemblies (96ms)
			RebuildTransferFunctionScriptingTraits (0ms)
			SetupTypeCache (262ms)
			ReleaseScriptCaches (2ms)
			RebuildScriptCaches (40ms)
			SetupLoadedEditorAssemblies (700ms)
				LogAssemblyErrors (0ms)
				InitializePlatformSupportModulesInManaged (5ms)
				SetLoadedEditorAssemblies (0ms)
				RefreshPlugins (1ms)
				BeforeProcessingInitializeOnLoad (55ms)
				ProcessInitializeOnLoadAttributes (604ms)
				ProcessInitializeOnLoadMethodAttributes (28ms)
				AfterProcessingInitializeOnLoad (7ms)
				EditorAssembliesLoaded (0ms)
			ExecutionOrderSort2 (0ms)
			AwakeInstancesAfterBackupRestoration (9ms)
Platform modules already initialized, skipping
Refreshing native plugins compatible for Editor in 0.93 ms, found 3 plugins.
Preloading 0 native plugins for Editor in 0.00 ms.
Unloading 3484 Unused Serialized files (Serialized files now loaded: 0)
Unloading 19 unused Assets / (21.9 KB). Loaded Objects now: 4023.
Memory consumption went from 130.1 MB to 130.1 MB.
Total: 3.835000 ms (FindLiveObjects: 0.310700 ms CreateObjectMapping: 0.301300 ms MarkObjects: 3.193500 ms  DeleteObjects: 0.028400 ms)

AssetImportParameters requested are different than current active one (requested -> active):
  custom:video-decoder-ogg-theora: a1e56fd34408186e4bbccfd4996cb3dc -> 
  custom:container-muxer-webm: aa71ff27fc2769a1b78a27578f13a17b -> 
  custom:container-demuxer-webm: 4f35f7cbe854078d1ac9338744f61a02 -> 
  custom:video-encoder-webm-vp8: eb34c28f22e8b96e1ab97ce403110664 -> 
  custom:video-codec-MediaFoundation-h265: 746d11721c4dcdbdad8f713fa42b33f4 -> 
  custom:CustomObjectIndexerAttribute: bc11b3a6c3213fcdd17b65e7da85e133 -> 
  custom:audio-encoder-webm-vorbis: bf7c407c2cedff20999df2af8eb42d56 -> 
  custom:framework-win-MediaFoundation: 216162199b28c13a410421893ffa2e32 -> 
  custom:SearchIndexIgnoredProperties: e643bd26f0fe6173181afceb89e7c659 -> 
  custom:container-demuxer-ogg: 62fdf1f143b41e24485cea50d1cbac27 -> 
  custom:video-decoder-webm-vp8: 9c59270c3fd7afecdb556c50c9e8de78 -> 
  custom:audio-decoder-ogg-vorbis: bf7c407c2cedff20999df2af8eb42d56 -> 
