Using pre-set license
Built from '2021.3/staging' branch; Version is '2021.3.32f1 (3b9dae9532f5) revision 3906990'; Using compiler version '192829333'; Build Type 'Release'
OS: 'Windows 11  (10.0.26100) 64bit Core' Language: 'ko' Physical Memory: 15556 MB
BatchMode: 1, IsHumanControllingUs: 0, StartBugReporterOnCrash: 0, Is64bit: 1, IsPro: 1

COMMAND LINE ARGUMENTS:
C:\Users\7671hoon\Desktop\unity\2021.3.32f1\Editor\Unity.exe
-adb2
-batchMode
-noUpm
-name
AssetImportWorker1
-projectPath
C:/Users/7671hoon/Desktop/Dron-Game-Clean
-logFile
Logs/AssetImportWorker1.log
-srvPort
64167
Successfully changed project path to: C:/Users/7671hoon/Desktop/Dron-Game-Clean
C:/Users/7671hoon/Desktop/Dron-Game-Clean
[UnityMemory] Configuration Parameters - Can be set up in boot.config
    "memorysetup-bucket-allocator-granularity=16"
    "memorysetup-bucket-allocator-bucket-count=8"
    "memorysetup-bucket-allocator-block-size=33554432"
    "memorysetup-bucket-allocator-block-count=8"
    "memorysetup-main-allocator-block-size=16777216"
    "memorysetup-thread-allocator-block-size=16777216"
    "memorysetup-gfx-main-allocator-block-size=16777216"
    "memorysetup-gfx-thread-allocator-block-size=16777216"
    "memorysetup-cache-allocator-block-size=4194304"
    "memorysetup-typetree-allocator-block-size=2097152"
    "memorysetup-profiler-bucket-allocator-granularity=16"
    "memorysetup-profiler-bucket-allocator-bucket-count=8"
    "memorysetup-profiler-bucket-allocator-block-size=33554432"
    "memorysetup-profiler-bucket-allocator-block-count=8"
    "memorysetup-profiler-allocator-block-size=16777216"
    "memorysetup-profiler-editor-allocator-block-size=1048576"
    "memorysetup-temp-allocator-size-main=16777216"
    "memorysetup-job-temp-allocator-block-size=2097152"
    "memorysetup-job-temp-allocator-block-size-background=1048576"
    "memorysetup-job-temp-allocator-reduction-small-platforms=262144"
    "memorysetup-temp-allocator-size-background-worker=32768"
    "memorysetup-temp-allocator-size-job-worker=262144"
    "memorysetup-temp-allocator-size-preload-manager=33554432"
    "memorysetup-temp-allocator-size-nav-mesh-worker=65536"
    "memorysetup-temp-allocator-size-audio-worker=65536"
    "memorysetup-temp-allocator-size-cloud-worker=32768"
    "memorysetup-temp-allocator-size-gi-baking-worker=262144"
    "memorysetup-temp-allocator-size-gfx=262144"
Player connection [13728] Host "[IP] 192.168.120.1 [Port] 0 [Flags] 2 [Guid] 158588147 [EditorId] 158588147 [Version] 1048832 [Id] WindowsEditor(7,DESKTOP-JVEK95A) [Debug] 1 [PackageName] WindowsEditor [ProjectName] Editor" joined multi-casting on [225.0.0.222:54997]...

Player connection [13728] Host "[IP] 192.168.120.1 [Port] 0 [Flags] 2 [Guid] 158588147 [EditorId] 158588147 [Version] 1048832 [Id] WindowsEditor(7,DESKTOP-JVEK95A) [Debug] 1 [PackageName] WindowsEditor [ProjectName] Editor" joined alternative multi-casting on [225.0.0.222:34997]...

[Physics::Module] Initialized MultithreadedJobDispatcher with {0} workers.
Refreshing native plugins compatible for Editor in 77.77 ms, found 3 plugins.
Preloading 0 native plugins for Editor in 0.00 ms.
Initialize engine version: 2021.3.32f1 (3b9dae9532f5)
[Subsystems] Discovering subsystems at path C:/Users/7671hoon/Desktop/unity/2021.3.32f1/Editor/Data/Resources/UnitySubsystems
[Subsystems] Discovering subsystems at path C:/Users/7671hoon/Desktop/Dron-Game-Clean/Assets
GfxDevice: creating device client; threaded=0; jobified=0
Direct3D:
    Version:  Direct3D 11.0 [level 11.1]
    Renderer: NVIDIA GeForce RTX 3060 Laptop GPU (ID=0x2560)
    Vendor:   NVIDIA
    VRAM:     6010 MB
    Driver:   31.0.15.4692
Initialize mono
Mono path[0] = 'C:/Users/7671hoon/Desktop/unity/2021.3.32f1/Editor/Data/Managed'
Mono path[1] = 'C:/Users/7671hoon/Desktop/unity/2021.3.32f1/Editor/Data/MonoBleedingEdge/lib/mono/unityjit-win32'
Mono config path = 'C:/Users/7671hoon/Desktop/unity/2021.3.32f1/Editor/Data/MonoBleedingEdge/etc'
Using monoOptions --debugger-agent=transport=dt_socket,embedding=1,server=y,suspend=n,address=127.0.0.1:56856
Begin MonoManager ReloadAssembly
Registering precompiled unity dll's ...
Register platform support module: C:/Users/7671hoon/Desktop/unity/2021.3.32f1/Editor/Data/PlaybackEngines/WindowsStandaloneSupport/UnityEditor.WindowsStandalone.Extensions.dll
Registered in 0.004735 seconds.
Native extension for WindowsStandalone target not found
Refreshing native plugins compatible for Editor in 62.86 ms, found 3 plugins.
Preloading 0 native plugins for Editor in 0.00 ms.
Mono: successfully reloaded assembly
- Completed reload, in  0.560 seconds
Domain Reload Profiling:
	ReloadAssembly (561ms)
		BeginReloadAssembly (100ms)
			ExecutionOrderSort (0ms)
			DisableScriptedObjects (0ms)
			BackupInstance (0ms)
			ReleaseScriptingObjects (0ms)
			CreateAndSetChildDomain (1ms)
		EndReloadAssembly (381ms)
			LoadAssemblies (99ms)
			RebuildTransferFunctionScriptingTraits (0ms)
			SetupTypeCache (91ms)
			ReleaseScriptCaches (0ms)
			RebuildScriptCaches (27ms)
			SetupLoadedEditorAssemblies (229ms)
				LogAssemblyErrors (0ms)
				InitializePlatformSupportModulesInManaged (7ms)
				SetLoadedEditorAssemblies (0ms)
				RefreshPlugins (63ms)
				BeforeProcessingInitializeOnLoad (1ms)
				ProcessInitializeOnLoadAttributes (101ms)
				ProcessInitializeOnLoadMethodAttributes (57ms)
				AfterProcessingInitializeOnLoad (0ms)
				EditorAssembliesLoaded (0ms)
			ExecutionOrderSort2 (0ms)
			AwakeInstancesAfterBackupRestoration (0ms)
Platform modules already initialized, skipping
Registering precompiled user dll's ...
Registered in 0.005939 seconds.
Begin MonoManager ReloadAssembly
Native extension for WindowsStandalone target not found
Refreshing native plugins compatible for Editor in 65.82 ms, found 3 plugins.
Preloading 0 native plugins for Editor in 0.00 ms.
Package Manager log level set to [2]
[Package Manager] Server::EnsureServerProcessIsRunning -- launch failed, reason: Unity was launched with the -noUpm command-line argument
[Package Manager] Cannot connect to Unity Package Manager local server
Mono: successfully reloaded assembly
- Completed reload, in  1.330 seconds
Domain Reload Profiling:
	ReloadAssembly (1331ms)
		BeginReloadAssembly (111ms)
			ExecutionOrderSort (0ms)
			DisableScriptedObjects (5ms)
			BackupInstance (0ms)
			ReleaseScriptingObjects (0ms)
			CreateAndSetChildDomain (19ms)
		EndReloadAssembly (1131ms)
			LoadAssemblies (101ms)
			RebuildTransferFunctionScriptingTraits (0ms)
			SetupTypeCache (220ms)
			ReleaseScriptCaches (1ms)
			RebuildScriptCaches (42ms)
			SetupLoadedEditorAssemblies (754ms)
				LogAssemblyErrors (0ms)
				InitializePlatformSupportModulesInManaged (3ms)
				SetLoadedEditorAssemblies (0ms)
				RefreshPlugins (66ms)
				BeforeProcessingInitializeOnLoad (67ms)
				ProcessInitializeOnLoadAttributes (594ms)
				ProcessInitializeOnLoadMethodAttributes (19ms)
				AfterProcessingInitializeOnLoad (5ms)
				EditorAssembliesLoaded (0ms)
			ExecutionOrderSort2 (0ms)
			AwakeInstancesAfterBackupRestoration (5ms)
Platform modules already initialized, skipping
========================================================================
Worker process is ready to serve import requests
Launched and connected shader compiler UnityShaderCompiler.exe after 0.04 seconds
Refreshing native plugins compatible for Editor in 0.60 ms, found 3 plugins.
Preloading 0 native plugins for Editor in 0.00 ms.
Unloading 3504 Unused Serialized files (Serialized files now loaded: 0)
Unloading 26 unused Assets / (46.6 KB). Loaded Objects now: 3965.
Memory consumption went from 126.1 MB to 126.0 MB.
Total: 3.056500 ms (FindLiveObjects: 0.303500 ms CreateObjectMapping: 0.136200 ms MarkObjects: 2.516300 ms  DeleteObjects: 0.099100 ms)

AssetImportParameters requested are different than current active one (requested -> active):
  custom:video-decoder-ogg-theora: a1e56fd34408186e4bbccfd4996cb3dc -> 
  custom:container-muxer-webm: aa71ff27fc2769a1b78a27578f13a17b -> 
  custom:container-demuxer-webm: 4f35f7cbe854078d1ac9338744f61a02 -> 
  custom:video-encoder-webm-vp8: eb34c28f22e8b96e1ab97ce403110664 -> 
  custom:video-codec-MediaFoundation-h265: 746d11721c4dcdbdad8f713fa42b33f4 -> 
  custom:audio-encoder-webm-vorbis: bf7c407c2cedff20999df2af8eb42d56 -> 
  custom:framework-win-MediaFoundation: 216162199b28c13a410421893ffa2e32 -> 
  custom:container-demuxer-ogg: 62fdf1f143b41e24485cea50d1cbac27 -> 
  custom:video-decoder-webm-vp8: 9c59270c3fd7afecdb556c50c9e8de78 -> 
  custom:audio-decoder-ogg-vorbis: bf7c407c2cedff20999df2af8eb42d56 -> 
========================================================================
Received Import Request.
  Time since last request: 687721.803119 seconds.
  path: Assets/drone black and white Variant.prefab
  artifactKey: Guid(0922b41a0b75bce4dab6b922d2e3fb0d) Importer(815301076,1909f56bfc062723c751e8b465ee728b)
Number of updated assets reloaded before import = 0
Start importing Assets/drone black and white Variant.prefab using Guid(0922b41a0b75bce4dab6b922d2e3fb0d) Importer(815301076,1909f56bfc062723c751e8b465ee728b)  -> (artifact id: 'e304f76ab9c0bef98cb1f7651985db43') in 0.379534 seconds 
Number of asset objects unloaded after import = 285
========================================================================
Received Import Request.
  Time since last request: 0.000027 seconds.
  path: Assets/fail.prefab
  artifactKey: Guid(bd7311af6c4ee554cbcb5fe836e2cc8b) Importer(815301076,1909f56bfc062723c751e8b465ee728b)
Number of updated assets reloaded before import = 0
Start importing Assets/fail.prefab using Guid(bd7311af6c4ee554cbcb5fe836e2cc8b) Importer(815301076,1909f56bfc062723c751e8b465ee728b)  -> (artifact id: '49e98335b3433689e0a5e869c2034780') in 0.026587 seconds 
Number of asset objects unloaded after import = 28
========================================================================
Received Import Request.
  Time since last request: 0.000028 seconds.
  path: Assets/BGM_Player1.prefab
  artifactKey: Guid(7ac2e79f3f75c004cae8ea1edccdc68e) Importer(815301076,1909f56bfc062723c751e8b465ee728b)
Number of updated assets reloaded before import = 0
Start importing Assets/BGM_Player1.prefab using Guid(7ac2e79f3f75c004cae8ea1edccdc68e) Importer(815301076,1909f56bfc062723c751e8b465ee728b)  -> (artifact id: '1615cc221efbd75da1df64c1a00a5563') in 0.015338 seconds 
Number of asset objects unloaded after import = 5
========================================================================
Received Import Request.
  Time since last request: 8.887002 seconds.
  path: Assets/image/DroneImg2.png
  artifactKey: Guid(75d541dce222dec4fac0889fb9e79da3) Importer(815301076,1909f56bfc062723c751e8b465ee728b)
Number of updated assets reloaded before import = 0
Start importing Assets/image/DroneImg2.png using Guid(75d541dce222dec4fac0889fb9e79da3) Importer(815301076,1909f56bfc062723c751e8b465ee728b)  -> (artifact id: '97c4d6937f5d11bcf35a60a8323684c0') in 0.153467 seconds 
Number of asset objects unloaded after import = 3
========================================================================
Received Import Request.
  Time since last request: 1.713178 seconds.
  path: Assets/mapresources/Rock_03.prefab
  artifactKey: Guid(1f908c120b54d4b4ab5f2b9fec05fadd) Importer(815301076,1909f56bfc062723c751e8b465ee728b)
Number of updated assets reloaded before import = 0
Start importing Assets/mapresources/Rock_03.prefab using Guid(1f908c120b54d4b4ab5f2b9fec05fadd) Importer(815301076,1909f56bfc062723c751e8b465ee728b)  -> (artifact id: 'e109f795c83c30267e668414a5d54176') in 0.099996 seconds 
Number of asset objects unloaded after import = 23
========================================================================
Received Import Request.
  Time since last request: 0.000016 seconds.
  path: Assets/mapresources/Rock_04.prefab
  artifactKey: Guid(a1f21e021a111c945a410dc5493409e2) Importer(815301076,1909f56bfc062723c751e8b465ee728b)
Number of updated assets reloaded before import = 0
Start importing Assets/mapresources/Rock_04.prefab using Guid(a1f21e021a111c945a410dc5493409e2) Importer(815301076,1909f56bfc062723c751e8b465ee728b)  -> (artifact id: '8c375878a968beed7ed7f4b22644cb19') in 0.042917 seconds 
Number of asset objects unloaded after import = 23
========================================================================
Received Import Request.
  Time since last request: 1.031928 seconds.
  path: Assets/SFX Arcade Free/8 Bit Ship Take Off.wav
  artifactKey: Guid(27cd2fa017178466cbee91ec398c8e16) Importer(815301076,1909f56bfc062723c751e8b465ee728b)
Number of updated assets reloaded before import = 0
Start importing Assets/SFX Arcade Free/8 Bit Ship Take Off.wav using Guid(27cd2fa017178466cbee91ec398c8e16) Importer(815301076,1909f56bfc062723c751e8b465ee728b)  -> (artifact id: 'd46ccac3326a3f2200564e45b9e07b4d') in 0.054947 seconds 
Number of asset objects unloaded after import = 2
========================================================================
Received Import Request.
  Time since last request: 0.000031 seconds.
  path: Assets/SFX Arcade Free/Vaporize 3.wav
  artifactKey: Guid(57cd82e065afd479abad4c6129b9ae87) Importer(815301076,1909f56bfc062723c751e8b465ee728b)
Number of updated assets reloaded before import = 0
Start importing Assets/SFX Arcade Free/Vaporize 3.wav using Guid(57cd82e065afd479abad4c6129b9ae87) Importer(815301076,1909f56bfc062723c751e8b465ee728b)  -> (artifact id: '5ca91a0847bca24325e38b2fdd3d4ea9') in 0.038177 seconds 
Number of asset objects unloaded after import = 2
========================================================================
Received Import Request.
  Time since last request: 0.000023 seconds.
  path: Assets/SFX Arcade Free/Bit Crash 2.wav
  artifactKey: Guid(8d586f56fd7aa49e3a4935fa7514e441) Importer(815301076,1909f56bfc062723c751e8b465ee728b)
Number of updated assets reloaded before import = 0
Start importing Assets/SFX Arcade Free/Bit Crash 2.wav using Guid(8d586f56fd7aa49e3a4935fa7514e441) Importer(815301076,1909f56bfc062723c751e8b465ee728b)  -> (artifact id: 'e421c9d6d9cc7670207c87723ee8ea5d') in 0.022276 seconds 
Number of asset objects unloaded after import = 2
========================================================================
Received Import Request.
  Time since last request: 0.000017 seconds.
  path: Assets/SFX Arcade Free/Laser Repeater.wav
  artifactKey: Guid(2d1fe595c43394b0cb3f418b812d961a) Importer(815301076,1909f56bfc062723c751e8b465ee728b)
Number of updated assets reloaded before import = 0
Start importing Assets/SFX Arcade Free/Laser Repeater.wav using Guid(2d1fe595c43394b0cb3f418b812d961a) Importer(815301076,1909f56bfc062723c751e8b465ee728b)  -> (artifact id: '1a28ca6b715c2f341d91277685ac3e51') in 0.020643 seconds 
Number of asset objects unloaded after import = 2
========================================================================
Received Import Request.
  Time since last request: 0.000023 seconds.
  path: Assets/SFX Arcade Free/Start Up 1.wav
  artifactKey: Guid(9631fa6d9549845db9894dc647a2967e) Importer(815301076,1909f56bfc062723c751e8b465ee728b)
Number of updated assets reloaded before import = 0
Start importing Assets/SFX Arcade Free/Start Up 1.wav using Guid(9631fa6d9549845db9894dc647a2967e) Importer(815301076,1909f56bfc062723c751e8b465ee728b)  -> (artifact id: '6fe69eba4054229841e9bc815065d3ac') in 0.018999 seconds 
Number of asset objects unloaded after import = 2
========================================================================
Received Import Request.
  Time since last request: 0.000021 seconds.
  path: Assets/SFX Arcade Free/Dive 1.wav
  artifactKey: Guid(3bb875a0d39ad480689bee735cfe9878) Importer(815301076,1909f56bfc062723c751e8b465ee728b)
Number of updated assets reloaded before import = 0
Start importing Assets/SFX Arcade Free/Dive 1.wav using Guid(3bb875a0d39ad480689bee735cfe9878) Importer(815301076,1909f56bfc062723c751e8b465ee728b)  -> (artifact id: 'c5a9fc035f7449764cfcbe7c33d8c3bc') in 0.021621 seconds 
Number of asset objects unloaded after import = 2
========================================================================
Received Import Request.
  Time since last request: 0.000019 seconds.
  path: Assets/SFX Arcade Free/Button 25.wav
  artifactKey: Guid(f1bb7f130aca54db7a1b409a8f88b841) Importer(815301076,1909f56bfc062723c751e8b465ee728b)
Number of updated assets reloaded before import = 0
Start importing Assets/SFX Arcade Free/Button 25.wav using Guid(f1bb7f130aca54db7a1b409a8f88b841) Importer(815301076,1909f56bfc062723c751e8b465ee728b)  -> (artifact id: '43a2f14695e5ea3cc62f5cad1156b906') in 0.020367 seconds 
Number of asset objects unloaded after import = 2
========================================================================
Received Import Request.
  Time since last request: 0.000018 seconds.
  path: Assets/SFX Arcade Free/Riser 1.wav
  artifactKey: Guid(37c5e552bd4dd4b219f201c99718bed7) Importer(815301076,1909f56bfc062723c751e8b465ee728b)
Number of updated assets reloaded before import = 0
Start importing Assets/SFX Arcade Free/Riser 1.wav using Guid(37c5e552bd4dd4b219f201c99718bed7) Importer(815301076,1909f56bfc062723c751e8b465ee728b)  -> (artifact id: '8494869fd7a2815c0cf3e740154ab1d2') in 0.017899 seconds 
Number of asset objects unloaded after import = 2
========================================================================
Received Import Request.
  Time since last request: 0.000015 seconds.
  path: Assets/SFX Arcade Free/Missile 4.wav
  artifactKey: Guid(4b26588f303b94a95a1bf6c119504cb1) Importer(815301076,1909f56bfc062723c751e8b465ee728b)
Number of updated assets reloaded before import = 0
Start importing Assets/SFX Arcade Free/Missile 4.wav using Guid(4b26588f303b94a95a1bf6c119504cb1) Importer(815301076,1909f56bfc062723c751e8b465ee728b)  -> (artifact id: '7cbedf04bcc57ab60e5558f8a7eb84d1') in 0.018583 seconds 
Number of asset objects unloaded after import = 2
========================================================================
Received Import Request.
  Time since last request: 0.000016 seconds.
  path: Assets/SFX Arcade Free/Crash n Burn 3.wav
  artifactKey: Guid(286badddb0006426ab866dbe460771a8) Importer(815301076,1909f56bfc062723c751e8b465ee728b)
Number of updated assets reloaded before import = 0
Start importing Assets/SFX Arcade Free/Crash n Burn 3.wav using Guid(286badddb0006426ab866dbe460771a8) Importer(815301076,1909f56bfc062723c751e8b465ee728b)  -> (artifact id: '7585c4f51df9cb36a33632721199243f') in 0.018390 seconds 
Number of asset objects unloaded after import = 2
========================================================================
Received Import Request.
  Time since last request: 0.000017 seconds.
  path: Assets/SFX Arcade Free/Invaders 9.wav
  artifactKey: Guid(075895943e92f42e49db5372babd2f15) Importer(815301076,1909f56bfc062723c751e8b465ee728b)
Number of updated assets reloaded before import = 0
Start importing Assets/SFX Arcade Free/Invaders 9.wav using Guid(075895943e92f42e49db5372babd2f15) Importer(815301076,1909f56bfc062723c751e8b465ee728b)  -> (artifact id: '8694b5b6b9958063ef18f9b8c6628fa4') in 0.020187 seconds 
Number of asset objects unloaded after import = 2
========================================================================
Received Import Request.
  Time since last request: 0.000017 seconds.
  path: Assets/SFX Arcade Free/Warp 3.wav
  artifactKey: Guid(978b6bb632e674d09bfd379face1ed3f) Importer(815301076,1909f56bfc062723c751e8b465ee728b)
Number of updated assets reloaded before import = 0
Start importing Assets/SFX Arcade Free/Warp 3.wav using Guid(978b6bb632e674d09bfd379face1ed3f) Importer(815301076,1909f56bfc062723c751e8b465ee728b)  -> (artifact id: '45ff0af9e3dec43448b756ad1e40d4b2') in 0.019674 seconds 
Number of asset objects unloaded after import = 2
========================================================================
Received Import Request.
  Time since last request: 0.000018 seconds.
  path: Assets/SFX Arcade Free/Bounce 15.wav
  artifactKey: Guid(a58d90e42393f4f1aac75f30e08dc6c4) Importer(815301076,1909f56bfc062723c751e8b465ee728b)
Number of updated assets reloaded before import = 0
Start importing Assets/SFX Arcade Free/Bounce 15.wav using Guid(a58d90e42393f4f1aac75f30e08dc6c4) Importer(815301076,1909f56bfc062723c751e8b465ee728b)  -> (artifact id: '056f79638b0806422b3fc2081c2bf2d3') in 0.023885 seconds 
Number of asset objects unloaded after import = 2
========================================================================
Received Import Request.
  Time since last request: 0.000037 seconds.
  path: Assets/SFX Arcade Free/Alerter 19.wav
  artifactKey: Guid(466a1b85310454e5ebf1f08bbb750b0b) Importer(815301076,1909f56bfc062723c751e8b465ee728b)
Number of updated assets reloaded before import = 0
Start importing Assets/SFX Arcade Free/Alerter 19.wav using Guid(466a1b85310454e5ebf1f08bbb750b0b) Importer(815301076,1909f56bfc062723c751e8b465ee728b)  -> (artifact id: '466ce7a19b05add3543cba86b4b94f70') in 0.018570 seconds 
Number of asset objects unloaded after import = 2
========================================================================
Received Import Request.
  Time since last request: 0.000016 seconds.
  path: Assets/SFX Arcade Free/Error Button 7.wav
  artifactKey: Guid(c39733d2eb45249e5ab9260bf481573d) Importer(815301076,1909f56bfc062723c751e8b465ee728b)
Number of updated assets reloaded before import = 0
Start importing Assets/SFX Arcade Free/Error Button 7.wav using Guid(c39733d2eb45249e5ab9260bf481573d) Importer(815301076,1909f56bfc062723c751e8b465ee728b)  -> (artifact id: '7c75d2694456c180446fb37bfae5b3ed') in 0.020486 seconds 
Number of asset objects unloaded after import = 2
========================================================================
Received Import Request.
  Time since last request: 0.000022 seconds.
  path: Assets/SFX Arcade Free/Long Sweeper Alarm.wav
  artifactKey: Guid(fa85559e698bf44a3b02e32cbc33b0fd) Importer(815301076,1909f56bfc062723c751e8b465ee728b)
Number of updated assets reloaded before import = 0
Start importing Assets/SFX Arcade Free/Long Sweeper Alarm.wav using Guid(fa85559e698bf44a3b02e32cbc33b0fd) Importer(815301076,1909f56bfc062723c751e8b465ee728b)  -> (artifact id: '2938b441cf922987328b604bc5d8c447') in 0.021952 seconds 
Number of asset objects unloaded after import = 2
========================================================================
Received Import Request.
  Time since last request: 0.000024 seconds.
  path: Assets/SFX Arcade Free/Coinz 3.wav
  artifactKey: Guid(f9ce0bd536f6f4244b7151c5ba3c341e) Importer(815301076,1909f56bfc062723c751e8b465ee728b)
Number of updated assets reloaded before import = 0
Start importing Assets/SFX Arcade Free/Coinz 3.wav using Guid(f9ce0bd536f6f4244b7151c5ba3c341e) Importer(815301076,1909f56bfc062723c751e8b465ee728b)  -> (artifact id: '92a0736a820c2f9880e8fa7bb68bcf9e') in 0.020324 seconds 
Number of asset objects unloaded after import = 2
========================================================================
Received Import Request.
  Time since last request: 0.000019 seconds.
  path: Assets/SFX Arcade Free/Deep Zap 7.wav
  artifactKey: Guid(30dba348a205448f2999c128259b3012) Importer(815301076,1909f56bfc062723c751e8b465ee728b)
Number of updated assets reloaded before import = 0
Start importing Assets/SFX Arcade Free/Deep Zap 7.wav using Guid(30dba348a205448f2999c128259b3012) Importer(815301076,1909f56bfc062723c751e8b465ee728b)  -> (artifact id: '2b81beb5a4429b4f0f761c928a94fa35') in 0.020343 seconds 
Number of asset objects unloaded after import = 2
========================================================================
Received Import Request.
  Time since last request: 0.000017 seconds.
  path: Assets/SFX Arcade Free/Empty.wav
  artifactKey: Guid(8b1af13c6588e42a8ad97799fa067710) Importer(815301076,1909f56bfc062723c751e8b465ee728b)
Number of updated assets reloaded before import = 0
Start importing Assets/SFX Arcade Free/Empty.wav using Guid(8b1af13c6588e42a8ad97799fa067710) Importer(815301076,1909f56bfc062723c751e8b465ee728b)  -> (artifact id: '31dd22e45c40b604cd8189728fa78f42') in 0.024090 seconds 
Number of asset objects unloaded after import = 2
========================================================================
Received Import Request.
  Time since last request: 0.000019 seconds.
  path: Assets/SFX Arcade Free/Alerter 18.wav
  artifactKey: Guid(149384e4fdcaa4378958133f270ce3ff) Importer(815301076,1909f56bfc062723c751e8b465ee728b)
Number of updated assets reloaded before import = 0
Start importing Assets/SFX Arcade Free/Alerter 18.wav using Guid(149384e4fdcaa4378958133f270ce3ff) Importer(815301076,1909f56bfc062723c751e8b465ee728b)  -> (artifact id: 'e2a1e21d23f104a8a2002eff4481fd8d') in 0.020644 seconds 
Number of asset objects unloaded after import = 2
========================================================================
Received Import Request.
  Time since last request: 0.000020 seconds.
  path: Assets/SFX Arcade Free/Solar Interference.wav
  artifactKey: Guid(ca94d3b9276e945ff8688abd7dff070d) Importer(815301076,1909f56bfc062723c751e8b465ee728b)
Number of updated assets reloaded before import = 0
Start importing Assets/SFX Arcade Free/Solar Interference.wav using Guid(ca94d3b9276e945ff8688abd7dff070d) Importer(815301076,1909f56bfc062723c751e8b465ee728b)  -> (artifact id: '57ebb9e66657c35c95e1727efe9042f7') in 0.022035 seconds 
Number of asset objects unloaded after import = 2
========================================================================
Received Import Request.
  Time since last request: 0.000018 seconds.
  path: Assets/SFX Arcade Free/Hurry 3.wav
  artifactKey: Guid(3315817f91abb4662be53c8888f0b267) Importer(815301076,1909f56bfc062723c751e8b465ee728b)
Number of updated assets reloaded before import = 0
Start importing Assets/SFX Arcade Free/Hurry 3.wav using Guid(3315817f91abb4662be53c8888f0b267) Importer(815301076,1909f56bfc062723c751e8b465ee728b)  -> (artifact id: 'd9759c4df7970e641b13151337ab49f2') in 0.023509 seconds 
Number of asset objects unloaded after import = 2
========================================================================
Received Import Request.
  Time since last request: 0.000021 seconds.
  path: Assets/SFX Arcade Free/Invaders 5.wav
  artifactKey: Guid(26a88063dc4134731a76ed269211e71b) Importer(815301076,1909f56bfc062723c751e8b465ee728b)
Number of updated assets reloaded before import = 0
Start importing Assets/SFX Arcade Free/Invaders 5.wav using Guid(26a88063dc4134731a76ed269211e71b) Importer(815301076,1909f56bfc062723c751e8b465ee728b)  -> (artifact id: '6c0c3b2faeab6e7cb3c06d0d729c3094') in 0.022843 seconds 
Number of asset objects unloaded after import = 2
========================================================================
Received Import Request.
  Time since last request: 0.000025 seconds.
  path: Assets/SFX Arcade Free/Jump 3.wav
  artifactKey: Guid(1552692ea72704a318dd896eedb1b81a) Importer(815301076,1909f56bfc062723c751e8b465ee728b)
Number of updated assets reloaded before import = 0
Start importing Assets/SFX Arcade Free/Jump 3.wav using Guid(1552692ea72704a318dd896eedb1b81a) Importer(815301076,1909f56bfc062723c751e8b465ee728b)  -> (artifact id: '31b5514d813471ae2148928cc4f21318') in 0.020997 seconds 
Number of asset objects unloaded after import = 2
========================================================================
Received Import Request.
  Time since last request: 0.000036 seconds.
  path: Assets/SFX Arcade Free/Wubble 2.wav
  artifactKey: Guid(9c46c08b555e94f40b9a96b3f66b495b) Importer(815301076,1909f56bfc062723c751e8b465ee728b)
Number of updated assets reloaded before import = 0
Start importing Assets/SFX Arcade Free/Wubble 2.wav using Guid(9c46c08b555e94f40b9a96b3f66b495b) Importer(815301076,1909f56bfc062723c751e8b465ee728b)  -> (artifact id: 'b90e843fe4a15de0faceaffd807fb947') in 0.021534 seconds 
Number of asset objects unloaded after import = 2
========================================================================
Received Import Request.
  Time since last request: 3.988575 seconds.
  path: Assets/CS - Signs Free/Materials/Sign_Multilane_Use_8.mat
  artifactKey: Guid(689b9ec66c2115143848705e4222d2f0) Importer(815301076,1909f56bfc062723c751e8b465ee728b)
Number of updated assets reloaded before import = 0
Start importing Assets/CS - Signs Free/Materials/Sign_Multilane_Use_8.mat using Guid(689b9ec66c2115143848705e4222d2f0) Importer(815301076,1909f56bfc062723c751e8b465ee728b)  -> (artifact id: '11a52b689b9ffa582322661a2ba98c0f') in 0.048856 seconds 
Number of asset objects unloaded after import = 2
========================================================================
Received Import Request.
  Time since last request: 0.000023 seconds.
  path: Assets/TextMesh Pro/Resources/TMP Settings.asset
  artifactKey: Guid(3f5b5dff67a942289a9defa416b206f3) Importer(815301076,1909f56bfc062723c751e8b465ee728b)
Number of updated assets reloaded before import = 0
Start importing Assets/TextMesh Pro/Resources/TMP Settings.asset using Guid(3f5b5dff67a942289a9defa416b206f3) Importer(815301076,1909f56bfc062723c751e8b465ee728b)  -> (artifact id: '7d39d3b365ae06f4a5d582e5614ba55e') in 0.046711 seconds 
Number of asset objects unloaded after import = 15
========================================================================
Received Prepare
Registering precompiled user dll's ...
Registered in 0.004770 seconds.
Begin MonoManager ReloadAssembly
Native extension for WindowsStandalone target not found
Refreshing native plugins compatible for Editor in 0.72 ms, found 3 plugins.
Preloading 0 native plugins for Editor in 0.00 ms.
[Package Manager] Server::EnsureServerProcessIsRunning -- launch failed, reason: Unity was launched with the -noUpm command-line argument
[Package Manager] Cannot connect to Unity Package Manager local server
Mono: successfully reloaded assembly
- Completed reload, in  1.379 seconds
Domain Reload Profiling:
	ReloadAssembly (1379ms)
		BeginReloadAssembly (156ms)
			ExecutionOrderSort (0ms)
			DisableScriptedObjects (4ms)
			BackupInstance (0ms)
			ReleaseScriptingObjects (0ms)
			CreateAndSetChildDomain (50ms)
		EndReloadAssembly (1125ms)
			LoadAssemblies (85ms)
			RebuildTransferFunctionScriptingTraits (0ms)
			SetupTypeCache (258ms)
			ReleaseScriptCaches (1ms)
			RebuildScriptCaches (47ms)
			SetupLoadedEditorAssemblies (704ms)
				LogAssemblyErrors (0ms)
				InitializePlatformSupportModulesInManaged (6ms)
				SetLoadedEditorAssemblies (0ms)
				RefreshPlugins (1ms)
				BeforeProcessingInitializeOnLoad (58ms)
				ProcessInitializeOnLoadAttributes (608ms)
				ProcessInitializeOnLoadMethodAttributes (25ms)
				AfterProcessingInitializeOnLoad (6ms)
				EditorAssembliesLoaded (0ms)
			ExecutionOrderSort2 (0ms)
			AwakeInstancesAfterBackupRestoration (6ms)
Platform modules already initialized, skipping
Refreshing native plugins compatible for Editor in 0.90 ms, found 3 plugins.
Preloading 0 native plugins for Editor in 0.00 ms.
Unloading 3484 Unused Serialized files (Serialized files now loaded: 0)
Unloading 20 unused Assets / (22.7 KB). Loaded Objects now: 4022.
Memory consumption went from 130.2 MB to 130.2 MB.
Total: 3.485700 ms (FindLiveObjects: 0.468400 ms CreateObjectMapping: 0.270600 ms MarkObjects: 2.712600 ms  DeleteObjects: 0.033000 ms)

AssetImportParameters requested are different than current active one (requested -> active):
  custom:video-decoder-ogg-theora: a1e56fd34408186e4bbccfd4996cb3dc -> 
  custom:container-muxer-webm: aa71ff27fc2769a1b78a27578f13a17b -> 
  custom:container-demuxer-webm: 4f35f7cbe854078d1ac9338744f61a02 -> 
  custom:video-encoder-webm-vp8: eb34c28f22e8b96e1ab97ce403110664 -> 
  custom:video-codec-MediaFoundation-h265: 746d11721c4dcdbdad8f713fa42b33f4 -> 
  custom:CustomObjectIndexerAttribute: bc11b3a6c3213fcdd17b65e7da85e133 -> 
  custom:audio-encoder-webm-vorbis: bf7c407c2cedff20999df2af8eb42d56 -> 
  custom:framework-win-MediaFoundation: 216162199b28c13a410421893ffa2e32 -> 
  custom:SearchIndexIgnoredProperties: e643bd26f0fe6173181afceb89e7c659 -> 
  custom:container-demuxer-ogg: 62fdf1f143b41e24485cea50d1cbac27 -> 
  custom:video-decoder-webm-vp8: 9c59270c3fd7afecdb556c50c9e8de78 -> 
  custom:audio-decoder-ogg-vorbis: bf7c407c2cedff20999df2af8eb42d56 -> 
Editor requested this worker to shutdown with reason: Scaling down because of idle timeout
AssetImportWorker is now disconnected from the server
Process exiting
Exiting without the bug reporter. Application will terminate with return code 0